Compiling the C compiler identification source file "CMakeCCompilerId.c" failed.
<<<<<<< HEAD
Compiler: C:/tools/gcc-arm-none-eabi-10.3-2021.10/bin/arm-none-eabi-gcc.exe 
=======
Compiler: D:/tools/gcc-arm-none-eabi-10.3-2021.10/bin/arm-none-eabi-gcc.exe 
>>>>>>> 7e056f6a9e5cd0170e6eb811af27530bfa236c2c
Build flags: ;-mcpu=cortex-m0plus;-mthumb
Id flags:  

The output was:
1
<<<<<<< HEAD
c:/tools/gcc-arm-none-eabi-10.3-2021.10/bin/../lib/gcc/arm-none-eabi/10.3.1/../../../../arm-none-eabi/bin/ld.exe: c:/tools/gcc-arm-none-eabi-10.3-2021.10/bin/../lib/gcc/arm-none-eabi/10.3.1/../../../../arm-none-eabi/lib/thumb/v6-m/nofp\libc.a(lib_a-exit.o): in function `exit':
=======
d:/tools/gcc-arm-none-eabi-10.3-2021.10/bin/../lib/gcc/arm-none-eabi/10.3.1/../../../../arm-none-eabi/bin/ld.exe: d:/tools/gcc-arm-none-eabi-10.3-2021.10/bin/../lib/gcc/arm-none-eabi/10.3.1/../../../../arm-none-eabi/lib/thumb/v6-m/nofp\libc.a(lib_a-exit.o): in function `exit':
>>>>>>> 7e056f6a9e5cd0170e6eb811af27530bfa236c2c
exit.c:(.text.exit+0x18): undefined reference to `_exit'
collect2.exe: error: ld returned 1 exit status


Compiling the CXX compiler identification source file "CMakeCXXCompilerId.cpp" failed.
<<<<<<< HEAD
Compiler: C:/tools/gcc-arm-none-eabi-10.3-2021.10/bin/arm-none-eabi-g++.exe 
=======
Compiler: D:/tools/gcc-arm-none-eabi-10.3-2021.10/bin/arm-none-eabi-g++.exe 
>>>>>>> 7e056f6a9e5cd0170e6eb811af27530bfa236c2c
Build flags: ;-mcpu=cortex-m0plus;-mthumb
Id flags:  

The output was:
1
<<<<<<< HEAD
c:/tools/gcc-arm-none-eabi-10.3-2021.10/bin/../lib/gcc/arm-none-eabi/10.3.1/../../../../arm-none-eabi/bin/ld.exe: c:/tools/gcc-arm-none-eabi-10.3-2021.10/bin/../lib/gcc/arm-none-eabi/10.3.1/../../../../arm-none-eabi/lib/thumb/v6-m/nofp\libc.a(lib_a-exit.o): in function `exit':
=======
d:/tools/gcc-arm-none-eabi-10.3-2021.10/bin/../lib/gcc/arm-none-eabi/10.3.1/../../../../arm-none-eabi/bin/ld.exe: d:/tools/gcc-arm-none-eabi-10.3-2021.10/bin/../lib/gcc/arm-none-eabi/10.3.1/../../../../arm-none-eabi/lib/thumb/v6-m/nofp\libc.a(lib_a-exit.o): in function `exit':
>>>>>>> 7e056f6a9e5cd0170e6eb811af27530bfa236c2c
exit.c:(.text.exit+0x18): undefined reference to `_exit'
collect2.exe: error: ld returned 1 exit status


